<?xml version="1.0" encoding="UTF-8"?>
<!-- Generated by org.testng.reporters.JUnitReportReporter -->
<testsuite skipped="0" hostname="D-PC" name="runner.RunnerTest" tests="1" failures="0" timestamp="09 Mar 2019 10:21:06 GMT" time="52.207" errors="0">
  <testcase name="feature" time="52.207" classname="runner.RunnerTest"/>
</testsuite> <!-- runner.RunnerTest -->
